cl : command line warning D9035: option 'Gm' has been deprecated and will be removed in a future release
  scene.cpp
D:\GitHub\GAM541\GAM541\libs\glbinding\gl\types.h(104,51): warning C4996: 'std::_Conditionally_enabled_hash<_Kty,true>::result_type': warning STL4007: Many result_type typedefs and all argument_type, first_argument_type, and second_argument_type typedefs are deprecated in C++17. You can define _SILENCE_CXX17_ADAPTOR_TYPEDEFS_DEPRECATION_WARNING or _SILENCE_ALL_CXX17_DEPRECATION_WARNINGS to acknowledge that you have received this warning.
          with
          [
              _Kty=std::_Underlying_type<gl::GLenum,true>::type
          ]
D:\GitHub\GAM541\GAM541\libs\glbinding\gl\types.h(141,54): warning C4996: 'std::_Conditionally_enabled_hash<_Kty,true>::result_type': warning STL4007: Many result_type typedefs and all argument_type, first_argument_type, and second_argument_type typedefs are deprecated in C++17. You can define _SILENCE_CXX17_ADAPTOR_TYPEDEFS_DEPRECATION_WARNING or _SILENCE_ALL_CXX17_DEPRECATION_WARNINGS to acknowledge that you have received this warning.
          with
          [
              _Kty=std::_Underlying_type<gl::GLboolean,true>::type
          ]
D:\GitHub\GAM541\GAM541\libs\glbinding\gl\types.h(159,56): warning C4996: 'std::_Conditionally_enabled_hash<_Kty,true>::result_type': warning STL4007: Many result_type typedefs and all argument_type, first_argument_type, and second_argument_type typedefs are deprecated in C++17. You can define _SILENCE_CXX17_ADAPTOR_TYPEDEFS_DEPRECATION_WARNING or _SILENCE_ALL_CXX17_DEPRECATION_WARNINGS to acknowledge that you have received this warning.
          with
          [
              _Kty=int
          ]
D:\GitHub\GAM541\GAM541\libs\glbinding\gl\types.h(177,55): warning C4996: 'std::_Conditionally_enabled_hash<_Kty,true>::result_type': warning STL4007: Many result_type typedefs and all argument_type, first_argument_type, and second_argument_type typedefs are deprecated in C++17. You can define _SILENCE_CXX17_ADAPTOR_TYPEDEFS_DEPRECATION_WARNING or _SILENCE_ALL_CXX17_DEPRECATION_WARNINGS to acknowledge that you have received this warning.
          with
          [
              _Kty=std::_Underlying_type<gl::GLenum,true>::type
          ]
D:\GitHub\GAM541\GAM541\libs\glbinding\gl\types.h(205,60): warning C4996: 'std::_Conditionally_enabled_hash<_Kty,true>::result_type': warning STL4007: Many result_type typedefs and all argument_type, first_argument_type, and second_argument_type typedefs are deprecated in C++17. You can define _SILENCE_CXX17_ADAPTOR_TYPEDEFS_DEPRECATION_WARNING or _SILENCE_ALL_CXX17_DEPRECATION_WARNINGS to acknowledge that you have received this warning.
          with
          [
              _Kty=std::_Underlying_type<gl::GLenum,true>::type
          ]
D:\GitHub\GAM541\GAM541\libs\glbinding\gl\types.h(233,61): warning C4996: 'std::_Conditionally_enabled_hash<_Kty,true>::result_type': warning STL4007: Many result_type typedefs and all argument_type, first_argument_type, and second_argument_type typedefs are deprecated in C++17. You can define _SILENCE_CXX17_ADAPTOR_TYPEDEFS_DEPRECATION_WARNING or _SILENCE_ALL_CXX17_DEPRECATION_WARNINGS to acknowledge that you have received this warning.
          with
          [
              _Kty=std::_Underlying_type<gl::GLenum,true>::type
          ]
D:\GitHub\GAM541\GAM541\libs\glbinding\gl\types.h(261,60): warning C4996: 'std::_Conditionally_enabled_hash<_Kty,true>::result_type': warning STL4007: Many result_type typedefs and all argument_type, first_argument_type, and second_argument_type typedefs are deprecated in C++17. You can define _SILENCE_CXX17_ADAPTOR_TYPEDEFS_DEPRECATION_WARNING or _SILENCE_ALL_CXX17_DEPRECATION_WARNINGS to acknowledge that you have received this warning.
          with
          [
              _Kty=std::_Underlying_type<gl::GLenum,true>::type
          ]
D:\GitHub\GAM541\GAM541\libs\glbinding\gl\types.h(289,63): warning C4996: 'std::_Conditionally_enabled_hash<_Kty,true>::result_type': warning STL4007: Many result_type typedefs and all argument_type, first_argument_type, and second_argument_type typedefs are deprecated in C++17. You can define _SILENCE_CXX17_ADAPTOR_TYPEDEFS_DEPRECATION_WARNING or _SILENCE_ALL_CXX17_DEPRECATION_WARNINGS to acknowledge that you have received this warning.
          with
          [
              _Kty=std::_Underlying_type<gl::GLenum,true>::type
          ]
D:\GitHub\GAM541\GAM541\libs\glbinding\gl\types.h(317,56): warning C4996: 'std::_Conditionally_enabled_hash<_Kty,true>::result_type': warning STL4007: Many result_type typedefs and all argument_type, first_argument_type, and second_argument_type typedefs are deprecated in C++17. You can define _SILENCE_CXX17_ADAPTOR_TYPEDEFS_DEPRECATION_WARNING or _SILENCE_ALL_CXX17_DEPRECATION_WARNINGS to acknowledge that you have received this warning.
          with
          [
              _Kty=std::_Underlying_type<gl::GLenum,true>::type
          ]
D:\GitHub\GAM541\GAM541\libs\glbinding\gl\types.h(345,74): warning C4996: 'std::_Conditionally_enabled_hash<_Kty,true>::result_type': warning STL4007: Many result_type typedefs and all argument_type, first_argument_type, and second_argument_type typedefs are deprecated in C++17. You can define _SILENCE_CXX17_ADAPTOR_TYPEDEFS_DEPRECATION_WARNING or _SILENCE_ALL_CXX17_DEPRECATION_WARNINGS to acknowledge that you have received this warning.
          with
          [
              _Kty=std::_Underlying_type<gl::GLenum,true>::type
          ]
D:\GitHub\GAM541\GAM541\libs\glbinding\gl\types.h(373,70): warning C4996: 'std::_Conditionally_enabled_hash<_Kty,true>::result_type': warning STL4007: Many result_type typedefs and all argument_type, first_argument_type, and second_argument_type typedefs are deprecated in C++17. You can define _SILENCE_CXX17_ADAPTOR_TYPEDEFS_DEPRECATION_WARNING or _SILENCE_ALL_CXX17_DEPRECATION_WARNINGS to acknowledge that you have received this warning.
          with
          [
              _Kty=std::_Underlying_type<gl::GLenum,true>::type
          ]
D:\GitHub\GAM541\GAM541\libs\glbinding\gl\types.h(401,73): warning C4996: 'std::_Conditionally_enabled_hash<_Kty,true>::result_type': warning STL4007: Many result_type typedefs and all argument_type, first_argument_type, and second_argument_type typedefs are deprecated in C++17. You can define _SILENCE_CXX17_ADAPTOR_TYPEDEFS_DEPRECATION_WARNING or _SILENCE_ALL_CXX17_DEPRECATION_WARNINGS to acknowledge that you have received this warning.
          with
          [
              _Kty=std::_Underlying_type<gl::GLenum,true>::type
          ]
D:\GitHub\GAM541\GAM541\libs\glbinding\gl\types.h(429,63): warning C4996: 'std::_Conditionally_enabled_hash<_Kty,true>::result_type': warning STL4007: Many result_type typedefs and all argument_type, first_argument_type, and second_argument_type typedefs are deprecated in C++17. You can define _SILENCE_CXX17_ADAPTOR_TYPEDEFS_DEPRECATION_WARNING or _SILENCE_ALL_CXX17_DEPRECATION_WARNINGS to acknowledge that you have received this warning.
          with
          [
              _Kty=std::_Underlying_type<gl::GLenum,true>::type
          ]
D:\GitHub\GAM541\GAM541\libs\glbinding\gl\types.h(457,62): warning C4996: 'std::_Conditionally_enabled_hash<_Kty,true>::result_type': warning STL4007: Many result_type typedefs and all argument_type, first_argument_type, and second_argument_type typedefs are deprecated in C++17. You can define _SILENCE_CXX17_ADAPTOR_TYPEDEFS_DEPRECATION_WARNING or _SILENCE_ALL_CXX17_DEPRECATION_WARNINGS to acknowledge that you have received this warning.
          with
          [
              _Kty=std::_Underlying_type<gl::GLenum,true>::type
          ]
D:\GitHub\GAM541\GAM541\libs\glbinding\gl\types.h(485,64): warning C4996: 'std::_Conditionally_enabled_hash<_Kty,true>::result_type': warning STL4007: Many result_type typedefs and all argument_type, first_argument_type, and second_argument_type typedefs are deprecated in C++17. You can define _SILENCE_CXX17_ADAPTOR_TYPEDEFS_DEPRECATION_WARNING or _SILENCE_ALL_CXX17_DEPRECATION_WARNINGS to acknowledge that you have received this warning.
          with
          [
              _Kty=std::_Underlying_type<gl::GLenum,true>::type
          ]
D:\GitHub\GAM541\GAM541\libs\glbinding\gl\types.h(513,74): warning C4996: 'std::_Conditionally_enabled_hash<_Kty,true>::result_type': warning STL4007: Many result_type typedefs and all argument_type, first_argument_type, and second_argument_type typedefs are deprecated in C++17. You can define _SILENCE_CXX17_ADAPTOR_TYPEDEFS_DEPRECATION_WARNING or _SILENCE_ALL_CXX17_DEPRECATION_WARNINGS to acknowledge that you have received this warning.
          with
          [
              _Kty=std::_Underlying_type<gl::GLenum,true>::type
          ]
D:\GitHub\GAM541\GAM541\libs\glbinding\gl\types.h(541,59): warning C4996: 'std::_Conditionally_enabled_hash<_Kty,true>::result_type': warning STL4007: Many result_type typedefs and all argument_type, first_argument_type, and second_argument_type typedefs are deprecated in C++17. You can define _SILENCE_CXX17_ADAPTOR_TYPEDEFS_DEPRECATION_WARNING or _SILENCE_ALL_CXX17_DEPRECATION_WARNINGS to acknowledge that you have received this warning.
          with
          [
              _Kty=std::_Underlying_type<gl::GLenum,true>::type
          ]
D:\GitHub\GAM541\GAM541\libs\glbinding\gl\types.h(569,66): warning C4996: 'std::_Conditionally_enabled_hash<_Kty,true>::result_type': warning STL4007: Many result_type typedefs and all argument_type, first_argument_type, and second_argument_type typedefs are deprecated in C++17. You can define _SILENCE_CXX17_ADAPTOR_TYPEDEFS_DEPRECATION_WARNING or _SILENCE_ALL_CXX17_DEPRECATION_WARNINGS to acknowledge that you have received this warning.
          with
          [
              _Kty=std::_Underlying_type<gl::GLenum,true>::type
          ]
D:\GitHub\GAM541\GAM541\libs\glbinding\gl\types.h(597,64): warning C4996: 'std::_Conditionally_enabled_hash<_Kty,true>::result_type': warning STL4007: Many result_type typedefs and all argument_type, first_argument_type, and second_argument_type typedefs are deprecated in C++17. You can define _SILENCE_CXX17_ADAPTOR_TYPEDEFS_DEPRECATION_WARNING or _SILENCE_ALL_CXX17_DEPRECATION_WARNINGS to acknowledge that you have received this warning.
          with
          [
              _Kty=std::_Underlying_type<gl::GLenum,true>::type
          ]
D:\GitHub\GAM541\GAM541\libs\glbinding\gl\types.h(625,63): warning C4996: 'std::_Conditionally_enabled_hash<_Kty,true>::result_type': warning STL4007: Many result_type typedefs and all argument_type, first_argument_type, and second_argument_type typedefs are deprecated in C++17. You can define _SILENCE_CXX17_ADAPTOR_TYPEDEFS_DEPRECATION_WARNING or _SILENCE_ALL_CXX17_DEPRECATION_WARNINGS to acknowledge that you have received this warning.
          with
          [
              _Kty=std::_Underlying_type<gl::GLenum,true>::type
          ]
D:\GitHub\GAM541\GAM541\libs\glbinding\gl\types.h(653,55): warning C4996: 'std::_Conditionally_enabled_hash<_Kty,true>::result_type': warning STL4007: Many result_type typedefs and all argument_type, first_argument_type, and second_argument_type typedefs are deprecated in C++17. You can define _SILENCE_CXX17_ADAPTOR_TYPEDEFS_DEPRECATION_WARNING or _SILENCE_ALL_CXX17_DEPRECATION_WARNINGS to acknowledge that you have received this warning.
          with
          [
              _Kty=std::_Underlying_type<gl::GLenum,true>::type
          ]
D:\GitHub\GAM541\GAM541\libs\glbinding\gl\types.h(681,61): warning C4996: 'std::_Conditionally_enabled_hash<_Kty,true>::result_type': warning STL4007: Many result_type typedefs and all argument_type, first_argument_type, and second_argument_type typedefs are deprecated in C++17. You can define _SILENCE_CXX17_ADAPTOR_TYPEDEFS_DEPRECATION_WARNING or _SILENCE_ALL_CXX17_DEPRECATION_WARNINGS to acknowledge that you have received this warning.
          with
          [
              _Kty=std::_Underlying_type<gl::GLenum,true>::type
          ]
D:\GitHub\GAM541\GAM541\libs\glbinding\gl\types.h(709,62): warning C4996: 'std::_Conditionally_enabled_hash<_Kty,true>::result_type': warning STL4007: Many result_type typedefs and all argument_type, first_argument_type, and second_argument_type typedefs are deprecated in C++17. You can define _SILENCE_CXX17_ADAPTOR_TYPEDEFS_DEPRECATION_WARNING or _SILENCE_ALL_CXX17_DEPRECATION_WARNINGS to acknowledge that you have received this warning.
          with
          [
              _Kty=std::_Underlying_type<gl::GLenum,true>::type
          ]
D:\GitHub\GAM541\GAM541\libs\glbinding\gl\types.h(737,58): warning C4996: 'std::_Conditionally_enabled_hash<_Kty,true>::result_type': warning STL4007: Many result_type typedefs and all argument_type, first_argument_type, and second_argument_type typedefs are deprecated in C++17. You can define _SILENCE_CXX17_ADAPTOR_TYPEDEFS_DEPRECATION_WARNING or _SILENCE_ALL_CXX17_DEPRECATION_WARNINGS to acknowledge that you have received this warning.
          with
          [
              _Kty=std::_Underlying_type<gl::GLenum,true>::type
          ]
D:\GitHub\GAM541\GAM541\scene.cpp(49,28): warning C4305: 'initializing': truncation from 'double' to 'float'
D:\GitHub\GAM541\GAM541\scene.cpp(50,35): warning C4305: 'initializing': truncation from 'double' to 'float'
D:\GitHub\GAM541\GAM541\scene.cpp(88,9): warning C4305: 'initializing': truncation from 'double' to 'float'
D:\GitHub\GAM541\GAM541\scene.cpp(88,62): warning C4305: '+=': truncation from 'double' to 'float'
D:\GitHub\GAM541\GAM541\scene.cpp(89,42): warning C4244: 'argument': conversion from 'double' to 'const float', possible loss of data
D:\GitHub\GAM541\GAM541\scene.cpp(96,85): warning C4244: 'argument': conversion from 'double' to 'const float', possible loss of data
D:\GitHub\GAM541\GAM541\scene.cpp(96,77): warning C4244: 'argument': conversion from 'double' to 'const float', possible loss of data
D:\GitHub\GAM541\GAM541\scene.cpp(96,69): warning C4244: 'argument': conversion from 'double' to 'const float', possible loss of data
D:\GitHub\GAM541\GAM541\scene.cpp(107,19): warning C4305: 'initializing': truncation from 'double' to 'float'
D:\GitHub\GAM541\GAM541\scene.cpp(115,43): warning C4244: 'argument': conversion from 'double' to 'const float', possible loss of data
D:\GitHub\GAM541\GAM541\scene.cpp(116,44): warning C4244: 'argument': conversion from 'double' to 'const float', possible loss of data
D:\GitHub\GAM541\GAM541\scene.cpp(117,33): warning C4244: 'argument': conversion from 'double' to 'const float', possible loss of data
D:\GitHub\GAM541\GAM541\scene.cpp(117,62): warning C4244: 'argument': conversion from 'double' to 'const float', possible loss of data
D:\GitHub\GAM541\GAM541\scene.cpp(118,34): warning C4244: 'argument': conversion from 'double' to 'const float', possible loss of data
D:\GitHub\GAM541\GAM541\scene.cpp(118,63): warning C4244: 'argument': conversion from 'double' to 'const float', possible loss of data
D:\GitHub\GAM541\GAM541\scene.cpp(144,13): warning C4244: '=': conversion from 'float' to 'int', possible loss of data
D:\GitHub\GAM541\GAM541\scene.cpp(145,14): warning C4244: '=': conversion from 'float' to 'int', possible loss of data
D:\GitHub\GAM541\GAM541\scene.cpp(169,20): warning C4244: '=': conversion from 'double' to 'float', possible loss of data
D:\GitHub\GAM541\GAM541\scene.cpp(314,46): warning C4305: 'argument': truncation from 'double' to 'const float'
D:\GitHub\GAM541\GAM541\scene.cpp(415,34): warning C4244: 'argument': conversion from 'double' to 'const float', possible loss of data
  framework.vcxproj -> D:\GitHub\GAM541\GAM541\Debug\framework.exe
  0 File(s) copied
