c:\users\laugh\onedrive\desktop\cs541\cs541-framework-glfw\debug\fbo.obj
c:\users\laugh\onedrive\desktop\cs541\cs541-framework-glfw\debug\framework.obj
c:\users\laugh\onedrive\desktop\cs541\cs541-framework-glfw\debug\imgui_impl_glfw.obj
c:\users\laugh\onedrive\desktop\cs541\cs541-framework-glfw\debug\imgui_impl_opengl3.obj
c:\users\laugh\onedrive\desktop\cs541\cs541-framework-glfw\debug\imgui.obj
c:\users\laugh\onedrive\desktop\cs541\cs541-framework-glfw\debug\imgui_demo.obj
c:\users\laugh\onedrive\desktop\cs541\cs541-framework-glfw\debug\imgui_draw.obj
c:\users\laugh\onedrive\desktop\cs541\cs541-framework-glfw\debug\imgui_widgets.obj
c:\users\laugh\onedrive\desktop\cs541\cs541-framework-glfw\debug\scene.obj
c:\users\laugh\onedrive\desktop\cs541\cs541-framework-glfw\debug\shader.obj
c:\users\laugh\onedrive\desktop\cs541\cs541-framework-glfw\debug\texture.obj
c:\users\laugh\onedrive\desktop\cs541\cs541-framework-glfw\debug\interact.obj
c:\users\laugh\onedrive\desktop\cs541\cs541-framework-glfw\debug\object.obj
c:\users\laugh\onedrive\desktop\cs541\cs541-framework-glfw\debug\shapes.obj
c:\users\laugh\onedrive\desktop\cs541\cs541-framework-glfw\debug\simplexnoise.obj
c:\users\laugh\onedrive\desktop\cs541\cs541-framework-glfw\debug\transform.obj
c:\users\laugh\onedrive\desktop\cs541\cs541-framework-glfw\debug\emulator.obj
c:\users\laugh\onedrive\desktop\cs541\cs541-framework-glfw\debug\vc142.pdb
c:\users\laugh\onedrive\desktop\cs541\cs541-framework-glfw\debug\rply.obj
d:\github\gam541\gam541\debug\fbo.obj
d:\github\gam541\gam541\debug\imgui_impl_glfw.obj
d:\github\gam541\gam541\debug\imgui_impl_opengl3.obj
d:\github\gam541\gam541\debug\imgui.obj
d:\github\gam541\gam541\debug\imgui_demo.obj
d:\github\gam541\gam541\debug\imgui_draw.obj
d:\github\gam541\gam541\debug\imgui_widgets.obj
d:\github\gam541\gam541\debug\shader.obj
d:\github\gam541\gam541\debug\texture.obj
d:\github\gam541\gam541\debug\shapes.obj
d:\github\gam541\gam541\debug\simplexnoise.obj
d:\github\gam541\gam541\debug\transform.obj
d:\github\gam541\gam541\debug\emulator.obj
d:\github\gam541\gam541\debug\vc142.pdb
c:\users\laugh\onedrive\desktop\cs541\cs541-framework-glfw\debug\framework.exe
c:\users\laugh\onedrive\desktop\cs541\cs541-framework-glfw\debug\framework.ilk
c:\users\laugh\onedrive\desktop\cs541\cs541-framework-glfw\debug\framework.pdb
d:\github\gam541\gam541\debug\rply.obj
d:\github\gam541\gam541\debug\framework.ilk
d:\github\gam541\gam541\debug\vc142.idb
d:\github\gam541\gam541\debug\framework.pdb
d:\github\gam541\gam541\debug\framework.exe
d:\github\gam541\gam541\debug\framework.tlog\cl.command.1.tlog
d:\github\gam541\gam541\debug\framework.tlog\cl.read.1.tlog
d:\github\gam541\gam541\debug\framework.tlog\cl.write.1.tlog
d:\github\gam541\gam541\debug\framework.tlog\link.command.1.tlog
d:\github\gam541\gam541\debug\framework.tlog\link.read.1.tlog
d:\github\gam541\gam541\debug\framework.tlog\link.write.1.tlog
