c:\users\laugh\onedrive\desktop\cs541-framework-glfw\x64\debug\emulator.obj
c:\users\laugh\onedrive\desktop\cs541-framework-glfw\x64\debug\transform.obj
c:\users\laugh\onedrive\desktop\cs541-framework-glfw\x64\debug\simplexnoise.obj
c:\users\laugh\onedrive\desktop\cs541-framework-glfw\x64\debug\shapes.obj
c:\users\laugh\onedrive\desktop\cs541-framework-glfw\x64\debug\object.obj
c:\users\laugh\onedrive\desktop\cs541-framework-glfw\x64\debug\interact.obj
c:\users\laugh\onedrive\desktop\cs541-framework-glfw\x64\debug\texture.obj
c:\users\laugh\onedrive\desktop\cs541-framework-glfw\x64\debug\shader.obj
c:\users\laugh\onedrive\desktop\cs541-framework-glfw\x64\debug\scene.obj
c:\users\laugh\onedrive\desktop\cs541-framework-glfw\x64\debug\imgui_widgets.obj
c:\users\laugh\onedrive\desktop\cs541-framework-glfw\x64\debug\imgui_draw.obj
c:\users\laugh\onedrive\desktop\cs541-framework-glfw\x64\debug\imgui_demo.obj
c:\users\laugh\onedrive\desktop\cs541-framework-glfw\x64\debug\imgui.obj
c:\users\laugh\onedrive\desktop\cs541-framework-glfw\x64\debug\imgui_impl_opengl3.obj
c:\users\laugh\onedrive\desktop\cs541-framework-glfw\x64\debug\imgui_impl_glfw.obj
c:\users\laugh\onedrive\desktop\cs541-framework-glfw\x64\debug\framework.obj
c:\users\laugh\onedrive\desktop\cs541-framework-glfw\x64\debug\fbo.obj
c:\users\laugh\onedrive\desktop\cs541-framework-glfw\x64\debug\vc142.pdb
c:\users\laugh\onedrive\desktop\cs541-framework-glfw\x64\debug\rply.obj
d:\github\gam541\gam541\x64\debug\emulator.obj
d:\github\gam541\gam541\x64\debug\transform.obj
d:\github\gam541\gam541\x64\debug\simplexnoise.obj
d:\github\gam541\gam541\x64\debug\shapes.obj
d:\github\gam541\gam541\x64\debug\object.obj
d:\github\gam541\gam541\x64\debug\interact.obj
d:\github\gam541\gam541\x64\debug\texture.obj
d:\github\gam541\gam541\x64\debug\shader.obj
d:\github\gam541\gam541\x64\debug\scene.obj
d:\github\gam541\gam541\x64\debug\imgui_widgets.obj
d:\github\gam541\gam541\x64\debug\imgui_draw.obj
d:\github\gam541\gam541\x64\debug\imgui_demo.obj
d:\github\gam541\gam541\x64\debug\imgui.obj
d:\github\gam541\gam541\x64\debug\imgui_impl_opengl3.obj
d:\github\gam541\gam541\x64\debug\imgui_impl_glfw.obj
d:\github\gam541\gam541\x64\debug\framework.obj
d:\github\gam541\gam541\x64\debug\fbo.obj
d:\github\gam541\gam541\x64\debug\camera.obj
d:\github\gam541\gam541\x64\debug\vc142.pdb
d:\github\gam541\gam541\x64\debug\rply.obj
d:\github\gam541\gam541\x64\debug\framework.pdb
d:\github\gam541\gam541\x64\debug\vc141.pdb
d:\github\gam541\gam541\x64\debug\framework.tlog\cl.command.1.tlog
d:\github\gam541\gam541\x64\debug\framework.tlog\cl.read.1.tlog
d:\github\gam541\gam541\x64\debug\framework.tlog\cl.write.1.tlog
d:\github\gam541\gam541\x64\debug\framework.tlog\link-cvtres.read.1.tlog
d:\github\gam541\gam541\x64\debug\framework.tlog\link-cvtres.write.1.tlog
d:\github\gam541\gam541\x64\debug\framework.tlog\link-rc.read.1.tlog
d:\github\gam541\gam541\x64\debug\framework.tlog\link-rc.write.1.tlog
d:\github\gam541\gam541\x64\debug\framework.tlog\link.command.1.tlog
d:\github\gam541\gam541\x64\debug\framework.tlog\link.read.1.tlog
d:\github\gam541\gam541\x64\debug\framework.tlog\link.write.1.tlog
