object.obj : error LNK2001: unresolved external symbol "__declspec(dllimport) int __cdecl gl::glGetUniformLocation(unsigned int,char const *)" (__imp_?glGetUniformLocation@gl@@YAHIPEBD@Z)
Camera.obj : error LNK2001: unresolved external symbol "__declspec(dllimport) int __cdecl gl::glGetUniformLocation(unsigned int,char const *)" (__imp_?glGetUniformLocation@gl@@YAHIPEBD@Z)
imgui_impl_opengl3.obj : error LNK2001: unresolved external symbol "__declspec(dllimport) int __cdecl gl::glGetUniformLocation(unsigned int,char const *)" (__imp_?glGetUniformLocation@gl@@YAHIPEBD@Z)
scene.obj : error LNK2001: unresolved external symbol "__declspec(dllimport) int __cdecl gl::glGetUniformLocation(unsigned int,char const *)" (__imp_?glGetUniformLocation@gl@@YAHIPEBD@Z)
texture.obj : error LNK2001: unresolved external symbol "__declspec(dllimport) int __cdecl gl::glGetUniformLocation(unsigned int,char const *)" (__imp_?glGetUniformLocation@gl@@YAHIPEBD@Z)
Camera.obj : error LNK2019: unresolved external symbol "__declspec(dllimport) void __cdecl gl::glUniformMatrix4fv(int,int,enum gl::GLboolean,float const *)" (__imp_?glUniformMatrix4fv@gl@@YAXHHW4GLboolean@1@PEBM@Z) referenced in function "public: void __cdecl Camera::drawCam(float,float,float,float,int,char *)" (?drawCam@Camera@@QEAAXMMMMHPEAD@Z)
imgui_impl_opengl3.obj : error LNK2001: unresolved external symbol "__declspec(dllimport) void __cdecl gl::glUniformMatrix4fv(int,int,enum gl::GLboolean,float const *)" (__imp_?glUniformMatrix4fv@gl@@YAXHHW4GLboolean@1@PEBM@Z)
scene.obj : error LNK2001: unresolved external symbol "__declspec(dllimport) void __cdecl gl::glUniformMatrix4fv(int,int,enum gl::GLboolean,float const *)" (__imp_?glUniformMatrix4fv@gl@@YAXHHW4GLboolean@1@PEBM@Z)
object.obj : error LNK2001: unresolved external symbol "__declspec(dllimport) void __cdecl gl::glUniformMatrix4fv(int,int,enum gl::GLboolean,float const *)" (__imp_?glUniformMatrix4fv@gl@@YAXHHW4GLboolean@1@PEBM@Z)
Camera.obj : error LNK2019: unresolved external symbol glfwGetKey referenced in function "public: void __cdecl Camera::Input(struct GLFWwindow *)" (?Input@Camera@@QEAAXPEAUGLFWwindow@@@Z)
fbo.obj : error LNK2019: unresolved external symbol "__declspec(dllimport) void __cdecl gl::glBindFramebufferEXT(enum gl::GLenum,unsigned int)" (__imp_?glBindFramebufferEXT@gl@@YAXW4GLenum@1@I@Z) referenced in function "public: void __cdecl FBO::CreateFBO(int,int)" (?CreateFBO@FBO@@QEAAXHH@Z)
fbo.obj : error LNK2019: unresolved external symbol "__declspec(dllimport) void __cdecl gl::glBindRenderbufferEXT(enum gl::GLenum,unsigned int)" (__imp_?glBindRenderbufferEXT@gl@@YAXW4GLenum@1@I@Z) referenced in function "public: void __cdecl FBO::CreateFBO(int,int)" (?CreateFBO@FBO@@QEAAXHH@Z)
object.obj : error LNK2001: unresolved external symbol "__declspec(dllimport) void __cdecl gl::glBindTexture(enum gl::GLenum,unsigned int)" (__imp_?glBindTexture@gl@@YAXW4GLenum@1@I@Z)
fbo.obj : error LNK2001: unresolved external symbol "__declspec(dllimport) void __cdecl gl::glBindTexture(enum gl::GLenum,unsigned int)" (__imp_?glBindTexture@gl@@YAXW4GLenum@1@I@Z)
imgui_impl_opengl3.obj : error LNK2001: unresolved external symbol "__declspec(dllimport) void __cdecl gl::glBindTexture(enum gl::GLenum,unsigned int)" (__imp_?glBindTexture@gl@@YAXW4GLenum@1@I@Z)
scene.obj : error LNK2001: unresolved external symbol "__declspec(dllimport) void __cdecl gl::glBindTexture(enum gl::GLenum,unsigned int)" (__imp_?glBindTexture@gl@@YAXW4GLenum@1@I@Z)
texture.obj : error LNK2001: unresolved external symbol "__declspec(dllimport) void __cdecl gl::glBindTexture(enum gl::GLenum,unsigned int)" (__imp_?glBindTexture@gl@@YAXW4GLenum@1@I@Z)
fbo.obj : error LNK2019: unresolved external symbol "__declspec(dllimport) enum gl::GLenum __cdecl gl::glCheckFramebufferStatusEXT(enum gl::GLenum)" (__imp_?glCheckFramebufferStatusEXT@gl@@YA?AW4GLenum@1@W421@@Z) referenced in function "public: void __cdecl FBO::CreateFBO(int,int)" (?CreateFBO@FBO@@QEAAXHH@Z)
fbo.obj : error LNK2019: unresolved external symbol "__declspec(dllimport) void __cdecl gl::glFramebufferRenderbufferEXT(enum gl::GLenum,enum gl::GLenum,enum gl::GLenum,unsigned int)" (__imp_?glFramebufferRenderbufferEXT@gl@@YAXW4GLenum@1@00I@Z) referenced in function "public: void __cdecl FBO::CreateFBO(int,int)" (?CreateFBO@FBO@@QEAAXHH@Z)
fbo.obj : error LNK2019: unresolved external symbol "__declspec(dllimport) void __cdecl gl::glFramebufferTexture2DEXT(enum gl::GLenum,enum gl::GLenum,enum gl::GLenum,unsigned int,int)" (__imp_?glFramebufferTexture2DEXT@gl@@YAXW4GLenum@1@00IH@Z) referenced in function "public: void __cdecl FBO::CreateFBO(int,int)" (?CreateFBO@FBO@@QEAAXHH@Z)
fbo.obj : error LNK2019: unresolved external symbol "__declspec(dllimport) void __cdecl gl::glGenFramebuffersEXT(int,unsigned int *)" (__imp_?glGenFramebuffersEXT@gl@@YAXHPEAI@Z) referenced in function "public: void __cdecl FBO::CreateFBO(int,int)" (?CreateFBO@FBO@@QEAAXHH@Z)
fbo.obj : error LNK2019: unresolved external symbol "__declspec(dllimport) void __cdecl gl::glGenRenderbuffersEXT(int,unsigned int *)" (__imp_?glGenRenderbuffersEXT@gl@@YAXHPEAI@Z) referenced in function "public: void __cdecl FBO::CreateFBO(int,int)" (?CreateFBO@FBO@@QEAAXHH@Z)
fbo.obj : error LNK2019: unresolved external symbol "__declspec(dllimport) void __cdecl gl::glGenTextures(int,unsigned int *)" (__imp_?glGenTextures@gl@@YAXHPEAI@Z) referenced in function "public: void __cdecl FBO::CreateFBO(int,int)" (?CreateFBO@FBO@@QEAAXHH@Z)
imgui_impl_opengl3.obj : error LNK2001: unresolved external symbol "__declspec(dllimport) void __cdecl gl::glGenTextures(int,unsigned int *)" (__imp_?glGenTextures@gl@@YAXHPEAI@Z)
texture.obj : error LNK2001: unresolved external symbol "__declspec(dllimport) void __cdecl gl::glGenTextures(int,unsigned int *)" (__imp_?glGenTextures@gl@@YAXHPEAI@Z)
fbo.obj : error LNK2019: unresolved external symbol "__declspec(dllimport) void __cdecl gl::glRenderbufferStorageEXT(enum gl::GLenum,enum gl::GLenum,int,int)" (__imp_?glRenderbufferStorageEXT@gl@@YAXW4GLenum@1@0HH@Z) referenced in function "public: void __cdecl FBO::CreateFBO(int,int)" (?CreateFBO@FBO@@QEAAXHH@Z)
fbo.obj : error LNK2019: unresolved external symbol "__declspec(dllimport) void __cdecl gl::glTexImage2D(enum gl::GLenum,int,int,int,int,int,enum gl::GLenum,enum gl::GLenum,void const *)" (__imp_?glTexImage2D@gl@@YAXW4GLenum@1@HHHHH00PEBX@Z) referenced in function "public: void __cdecl FBO::CreateFBO(int,int)" (?CreateFBO@FBO@@QEAAXHH@Z)
imgui_impl_opengl3.obj : error LNK2001: unresolved external symbol "__declspec(dllimport) void __cdecl gl::glTexImage2D(enum gl::GLenum,int,int,int,int,int,enum gl::GLenum,enum gl::GLenum,void const *)" (__imp_?glTexImage2D@gl@@YAXW4GLenum@1@HHHHH00PEBX@Z)
texture.obj : error LNK2001: unresolved external symbol "__declspec(dllimport) void __cdecl gl::glTexImage2D(enum gl::GLenum,int,int,int,int,int,enum gl::GLenum,enum gl::GLenum,void const *)" (__imp_?glTexImage2D@gl@@YAXW4GLenum@1@HHHHH00PEBX@Z)
fbo.obj : error LNK2019: unresolved external symbol "__declspec(dllimport) void __cdecl gl::glTexParameteri(enum gl::GLenum,enum gl::GLenum,int)" (__imp_?glTexParameteri@gl@@YAXW4GLenum@1@0H@Z) referenced in function "public: void __cdecl FBO::CreateFBO(int,int)" (?CreateFBO@FBO@@QEAAXHH@Z)
imgui_impl_opengl3.obj : error LNK2001: unresolved external symbol "__declspec(dllimport) void __cdecl gl::glTexParameteri(enum gl::GLenum,enum gl::GLenum,int)" (__imp_?glTexParameteri@gl@@YAXW4GLenum@1@0H@Z)
texture.obj : error LNK2001: unresolved external symbol "__declspec(dllimport) void __cdecl gl::glTexParameteri(enum gl::GLenum,enum gl::GLenum,int)" (__imp_?glTexParameteri@gl@@YAXW4GLenum@1@0H@Z)
framework.obj : error LNK2019: unresolved external symbol "__declspec(dllimport) public: static void __cdecl glbinding::Binding::initialize(bool)" (__imp_?initialize@Binding@glbinding@@SAX_N@Z) referenced in function main
framework.obj : error LNK2019: unresolved external symbol "__declspec(dllimport) unsigned char const * __cdecl gl::glGetString(enum gl::GLenum)" (__imp_?glGetString@gl@@YAPEBEW4GLenum@1@@Z) referenced in function main
imgui_impl_opengl3.obj : error LNK2001: unresolved external symbol "__declspec(dllimport) unsigned char const * __cdecl gl::glGetString(enum gl::GLenum)" (__imp_?glGetString@gl@@YAPEBEW4GLenum@1@@Z)
framework.obj : error LNK2019: unresolved external symbol glfwInit referenced in function main
framework.obj : error LNK2019: unresolved external symbol glfwTerminate referenced in function main
framework.obj : error LNK2019: unresolved external symbol glfwSetErrorCallback referenced in function main
imgui_impl_glfw.obj : error LNK2001: unresolved external symbol glfwSetErrorCallback
framework.obj : error LNK2019: unresolved external symbol glfwWindowHint referenced in function main
framework.obj : error LNK2019: unresolved external symbol glfwCreateWindow referenced in function main
framework.obj : error LNK2019: unresolved external symbol glfwWindowShouldClose referenced in function main
framework.obj : error LNK2019: unresolved external symbol glfwPollEvents referenced in function main
framework.obj : error LNK2019: unresolved external symbol glfwMakeContextCurrent referenced in function main
framework.obj : error LNK2019: unresolved external symbol glfwSwapBuffers referenced in function main
framework.obj : error LNK2019: unresolved external symbol glfwSwapInterval referenced in function main
imgui_impl_glfw.obj : error LNK2019: unresolved external symbol glfwGetWindowSize referenced in function "void __cdecl ImGui_ImplGlfw_NewFrame(void)" (?ImGui_ImplGlfw_NewFrame@@YAXXZ)
imgui_impl_glfw.obj : error LNK2019: unresolved external symbol glfwGetFramebufferSize referenced in function "void __cdecl ImGui_ImplGlfw_NewFrame(void)" (?ImGui_ImplGlfw_NewFrame@@YAXXZ)
scene.obj : error LNK2001: unresolved external symbol glfwGetFramebufferSize
imgui_impl_glfw.obj : error LNK2019: unresolved external symbol glfwGetWindowAttrib referenced in function "void __cdecl ImGui_ImplGlfw_UpdateMousePosAndButtons(void)" (?ImGui_ImplGlfw_UpdateMousePosAndButtons@@YAXXZ)
imgui_impl_glfw.obj : error LNK2019: unresolved external symbol glfwGetInputMode referenced in function "void __cdecl ImGui_ImplGlfw_UpdateMouseCursor(void)" (?ImGui_ImplGlfw_UpdateMouseCursor@@YAXXZ)
imgui_impl_glfw.obj : error LNK2019: unresolved external symbol glfwSetInputMode referenced in function "void __cdecl ImGui_ImplGlfw_UpdateMouseCursor(void)" (?ImGui_ImplGlfw_UpdateMouseCursor@@YAXXZ)
imgui_impl_glfw.obj : error LNK2019: unresolved external symbol glfwGetMouseButton referenced in function "void __cdecl ImGui_ImplGlfw_UpdateMousePosAndButtons(void)" (?ImGui_ImplGlfw_UpdateMousePosAndButtons@@YAXXZ)
imgui_impl_glfw.obj : error LNK2019: unresolved external symbol glfwGetCursorPos referenced in function "void __cdecl ImGui_ImplGlfw_UpdateMousePosAndButtons(void)" (?ImGui_ImplGlfw_UpdateMousePosAndButtons@@YAXXZ)
interact.obj : error LNK2001: unresolved external symbol glfwGetCursorPos
imgui_impl_glfw.obj : error LNK2019: unresolved external symbol glfwSetCursorPos referenced in function "void __cdecl ImGui_ImplGlfw_UpdateMousePosAndButtons(void)" (?ImGui_ImplGlfw_UpdateMousePosAndButtons@@YAXXZ)
imgui_impl_glfw.obj : error LNK2019: unresolved external symbol glfwCreateStandardCursor referenced in function "bool __cdecl ImGui_ImplGlfw_Init(struct GLFWwindow *,bool,enum GlfwClientApi)" (?ImGui_ImplGlfw_Init@@YA_NPEAUGLFWwindow@@_NW4GlfwClientApi@@@Z)
imgui_impl_glfw.obj : error LNK2019: unresolved external symbol glfwDestroyCursor referenced in function "void __cdecl ImGui_ImplGlfw_Shutdown(void)" (?ImGui_ImplGlfw_Shutdown@@YAXXZ)
imgui_impl_glfw.obj : error LNK2019: unresolved external symbol glfwSetCursor referenced in function "void __cdecl ImGui_ImplGlfw_UpdateMouseCursor(void)" (?ImGui_ImplGlfw_UpdateMouseCursor@@YAXXZ)
imgui_impl_glfw.obj : error LNK2019: unresolved external symbol glfwSetKeyCallback referenced in function "void __cdecl ImGui_ImplGlfw_Shutdown(void)" (?ImGui_ImplGlfw_Shutdown@@YAXXZ)
interact.obj : error LNK2001: unresolved external symbol glfwSetKeyCallback
imgui_impl_glfw.obj : error LNK2019: unresolved external symbol glfwSetCharCallback referenced in function "void __cdecl ImGui_ImplGlfw_Shutdown(void)" (?ImGui_ImplGlfw_Shutdown@@YAXXZ)
imgui_impl_glfw.obj : error LNK2019: unresolved external symbol glfwSetMouseButtonCallback referenced in function "void __cdecl ImGui_ImplGlfw_Shutdown(void)" (?ImGui_ImplGlfw_Shutdown@@YAXXZ)
interact.obj : error LNK2001: unresolved external symbol glfwSetMouseButtonCallback
imgui_impl_glfw.obj : error LNK2019: unresolved external symbol glfwSetScrollCallback referenced in function "void __cdecl ImGui_ImplGlfw_Shutdown(void)" (?ImGui_ImplGlfw_Shutdown@@YAXXZ)
interact.obj : error LNK2001: unresolved external symbol glfwSetScrollCallback
imgui_impl_glfw.obj : error LNK2019: unresolved external symbol glfwGetJoystickAxes referenced in function "void __cdecl ImGui_ImplGlfw_UpdateGamepads(void)" (?ImGui_ImplGlfw_UpdateGamepads@@YAXXZ)
imgui_impl_glfw.obj : error LNK2019: unresolved external symbol glfwGetJoystickButtons referenced in function "void __cdecl ImGui_ImplGlfw_UpdateGamepads(void)" (?ImGui_ImplGlfw_UpdateGamepads@@YAXXZ)
imgui_impl_glfw.obj : error LNK2019: unresolved external symbol glfwSetClipboardString referenced in function "void __cdecl ImGui_ImplGlfw_SetClipboardText(void *,char const *)" (?ImGui_ImplGlfw_SetClipboardText@@YAXPEAXPEBD@Z)
imgui_impl_glfw.obj : error LNK2019: unresolved external symbol glfwGetClipboardString referenced in function "char const * __cdecl ImGui_ImplGlfw_GetClipboardText(void *)" (?ImGui_ImplGlfw_GetClipboardText@@YAPEBDPEAX@Z)
imgui_impl_glfw.obj : error LNK2019: unresolved external symbol glfwGetTime referenced in function "void __cdecl ImGui_ImplGlfw_NewFrame(void)" (?ImGui_ImplGlfw_NewFrame@@YAXXZ)
scene.obj : error LNK2001: unresolved external symbol glfwGetTime
imgui_impl_glfw.obj : error LNK2019: unresolved external symbol glfwGetWin32Window referenced in function "bool __cdecl ImGui_ImplGlfw_Init(struct GLFWwindow *,bool,enum GlfwClientApi)" (?ImGui_ImplGlfw_Init@@YA_NPEAUGLFWwindow@@_NW4GlfwClientApi@@@Z)
imgui_impl_opengl3.obj : error LNK2019: unresolved external symbol "__declspec(dllimport) void __cdecl gl::glActiveTexture(enum gl::GLenum)" (__imp_?glActiveTexture@gl@@YAXW4GLenum@1@@Z) referenced in function "void __cdecl ImGui_ImplOpenGL3_RenderDrawData(struct ImDrawData *)" (?ImGui_ImplOpenGL3_RenderDrawData@@YAXPEAUImDrawData@@@Z)
scene.obj : error LNK2001: unresolved external symbol "__declspec(dllimport) void __cdecl gl::glActiveTexture(enum gl::GLenum)" (__imp_?glActiveTexture@gl@@YAXW4GLenum@1@@Z)
texture.obj : error LNK2001: unresolved external symbol "__declspec(dllimport) void __cdecl gl::glActiveTexture(enum gl::GLenum)" (__imp_?glActiveTexture@gl@@YAXW4GLenum@1@@Z)
object.obj : error LNK2001: unresolved external symbol "__declspec(dllimport) void __cdecl gl::glActiveTexture(enum gl::GLenum)" (__imp_?glActiveTexture@gl@@YAXW4GLenum@1@@Z)
imgui_impl_opengl3.obj : error LNK2019: unresolved external symbol "__declspec(dllimport) void __cdecl gl::glAttachShader(unsigned int,unsigned int)" (__imp_?glAttachShader@gl@@YAXII@Z) referenced in function "bool __cdecl ImGui_ImplOpenGL3_CreateDeviceObjects(void)" (?ImGui_ImplOpenGL3_CreateDeviceObjects@@YA_NXZ)
shader.obj : error LNK2001: unresolved external symbol "__declspec(dllimport) void __cdecl gl::glAttachShader(unsigned int,unsigned int)" (__imp_?glAttachShader@gl@@YAXII@Z)
imgui_impl_opengl3.obj : error LNK2019: unresolved external symbol "__declspec(dllimport) void __cdecl gl::glBindBuffer(enum gl::GLenum,unsigned int)" (__imp_?glBindBuffer@gl@@YAXW4GLenum@1@I@Z) referenced in function "void __cdecl ImGui_ImplOpenGL3_RenderDrawData(struct ImDrawData *)" (?ImGui_ImplOpenGL3_RenderDrawData@@YAXPEAUImDrawData@@@Z)
shapes.obj : error LNK2001: unresolved external symbol "__declspec(dllimport) void __cdecl gl::glBindBuffer(enum gl::GLenum,unsigned int)" (__imp_?glBindBuffer@gl@@YAXW4GLenum@1@I@Z)
imgui_impl_opengl3.obj : error LNK2019: unresolved external symbol "__declspec(dllimport) void __cdecl gl::glBindVertexArray(unsigned int)" (__imp_?glBindVertexArray@gl@@YAXI@Z) referenced in function "void __cdecl ImGui_ImplOpenGL3_RenderDrawData(struct ImDrawData *)" (?ImGui_ImplOpenGL3_RenderDrawData@@YAXPEAUImDrawData@@@Z)
shapes.obj : error LNK2001: unresolved external symbol "__declspec(dllimport) void __cdecl gl::glBindVertexArray(unsigned int)" (__imp_?glBindVertexArray@gl@@YAXI@Z)
imgui_impl_opengl3.obj : error LNK2019: unresolved external symbol "__declspec(dllimport) void __cdecl gl::glBlendEquation(enum gl::GLenum)" (__imp_?glBlendEquation@gl@@YAXW4GLenum@1@@Z) referenced in function "void __cdecl ImGui_ImplOpenGL3_SetupRenderState(struct ImDrawData *,int,int,unsigned int)" (?ImGui_ImplOpenGL3_SetupRenderState@@YAXPEAUImDrawData@@HHI@Z)
imgui_impl_opengl3.obj : error LNK2019: unresolved external symbol "__declspec(dllimport) void __cdecl gl::glBlendEquationSeparate(enum gl::GLenum,enum gl::GLenum)" (__imp_?glBlendEquationSeparate@gl@@YAXW4GLenum@1@0@Z) referenced in function "void __cdecl ImGui_ImplOpenGL3_RenderDrawData(struct ImDrawData *)" (?ImGui_ImplOpenGL3_RenderDrawData@@YAXPEAUImDrawData@@@Z)
imgui_impl_opengl3.obj : error LNK2019: unresolved external symbol "__declspec(dllimport) void __cdecl gl::glBlendFunc(enum gl::GLenum,enum gl::GLenum)" (__imp_?glBlendFunc@gl@@YAXW4GLenum@1@0@Z) referenced in function "void __cdecl ImGui_ImplOpenGL3_SetupRenderState(struct ImDrawData *,int,int,unsigned int)" (?ImGui_ImplOpenGL3_SetupRenderState@@YAXPEAUImDrawData@@HHI@Z)
imgui_impl_opengl3.obj : error LNK2019: unresolved external symbol "__declspec(dllimport) void __cdecl gl::glBlendFuncSeparate(enum gl::GLenum,enum gl::GLenum,enum gl::GLenum,enum gl::GLenum)" (__imp_?glBlendFuncSeparate@gl@@YAXW4GLenum@1@000@Z) referenced in function "void __cdecl ImGui_ImplOpenGL3_RenderDrawData(struct ImDrawData *)" (?ImGui_ImplOpenGL3_RenderDrawData@@YAXPEAUImDrawData@@@Z)
imgui_impl_opengl3.obj : error LNK2019: unresolved external symbol "__declspec(dllimport) void __cdecl gl::glBufferData(enum gl::GLenum,__int64,void const *,enum gl::GLenum)" (__imp_?glBufferData@gl@@YAXW4GLenum@1@_JPEBX0@Z) referenced in function "void __cdecl ImGui_ImplOpenGL3_RenderDrawData(struct ImDrawData *)" (?ImGui_ImplOpenGL3_RenderDrawData@@YAXPEAUImDrawData@@@Z)
shapes.obj : error LNK2001: unresolved external symbol "__declspec(dllimport) void __cdecl gl::glBufferData(enum gl::GLenum,__int64,void const *,enum gl::GLenum)" (__imp_?glBufferData@gl@@YAXW4GLenum@1@_JPEBX0@Z)
imgui_impl_opengl3.obj : error LNK2019: unresolved external symbol "__declspec(dllimport) void __cdecl gl::glCompileShader(unsigned int)" (__imp_?glCompileShader@gl@@YAXI@Z) referenced in function "bool __cdecl ImGui_ImplOpenGL3_CreateDeviceObjects(void)" (?ImGui_ImplOpenGL3_CreateDeviceObjects@@YA_NXZ)
shader.obj : error LNK2001: unresolved external symbol "__declspec(dllimport) void __cdecl gl::glCompileShader(unsigned int)" (__imp_?glCompileShader@gl@@YAXI@Z)
imgui_impl_opengl3.obj : error LNK2019: unresolved external symbol "__declspec(dllimport) unsigned int __cdecl gl::glCreateProgram(void)" (__imp_?glCreateProgram@gl@@YAIXZ) referenced in function "bool __cdecl ImGui_ImplOpenGL3_CreateDeviceObjects(void)" (?ImGui_ImplOpenGL3_CreateDeviceObjects@@YA_NXZ)
shader.obj : error LNK2001: unresolved external symbol "__declspec(dllimport) unsigned int __cdecl gl::glCreateProgram(void)" (__imp_?glCreateProgram@gl@@YAIXZ)
imgui_impl_opengl3.obj : error LNK2019: unresolved external symbol "__declspec(dllimport) unsigned int __cdecl gl::glCreateShader(enum gl::GLenum)" (__imp_?glCreateShader@gl@@YAIW4GLenum@1@@Z) referenced in function "bool __cdecl ImGui_ImplOpenGL3_CreateDeviceObjects(void)" (?ImGui_ImplOpenGL3_CreateDeviceObjects@@YA_NXZ)
shader.obj : error LNK2001: unresolved external symbol "__declspec(dllimport) unsigned int __cdecl gl::glCreateShader(enum gl::GLenum)" (__imp_?glCreateShader@gl@@YAIW4GLenum@1@@Z)
imgui_impl_opengl3.obj : error LNK2019: unresolved external symbol "__declspec(dllimport) void __cdecl gl::glDeleteBuffers(int,unsigned int const *)" (__imp_?glDeleteBuffers@gl@@YAXHPEBI@Z) referenced in function "void __cdecl ImGui_ImplOpenGL3_DestroyDeviceObjects(void)" (?ImGui_ImplOpenGL3_DestroyDeviceObjects@@YAXXZ)
imgui_impl_opengl3.obj : error LNK2019: unresolved external symbol "__declspec(dllimport) void __cdecl gl::glDeleteProgram(unsigned int)" (__imp_?glDeleteProgram@gl@@YAXI@Z) referenced in function "void __cdecl ImGui_ImplOpenGL3_DestroyDeviceObjects(void)" (?ImGui_ImplOpenGL3_DestroyDeviceObjects@@YAXXZ)
imgui_impl_opengl3.obj : error LNK2019: unresolved external symbol "__declspec(dllimport) void __cdecl gl::glDeleteShader(unsigned int)" (__imp_?glDeleteShader@gl@@YAXI@Z) referenced in function "void __cdecl ImGui_ImplOpenGL3_DestroyDeviceObjects(void)" (?ImGui_ImplOpenGL3_DestroyDeviceObjects@@YAXXZ)
imgui_impl_opengl3.obj : error LNK2019: unresolved external symbol "__declspec(dllimport) void __cdecl gl::glDeleteTextures(int,unsigned int const *)" (__imp_?glDeleteTextures@gl@@YAXHPEBI@Z) referenced in function "void __cdecl ImGui_ImplOpenGL3_DestroyFontsTexture(void)" (?ImGui_ImplOpenGL3_DestroyFontsTexture@@YAXXZ)
imgui_impl_opengl3.obj : error LNK2019: unresolved external symbol "__declspec(dllimport) void __cdecl gl::glDeleteVertexArrays(int,unsigned int const *)" (__imp_?glDeleteVertexArrays@gl@@YAXHPEBI@Z) referenced in function "void __cdecl ImGui_ImplOpenGL3_RenderDrawData(struct ImDrawData *)" (?ImGui_ImplOpenGL3_RenderDrawData@@YAXPEAUImDrawData@@@Z)
imgui_impl_opengl3.obj : error LNK2019: unresolved external symbol "__declspec(dllimport) void __cdecl gl::glDetachShader(unsigned int,unsigned int)" (__imp_?glDetachShader@gl@@YAXII@Z) referenced in function "void __cdecl ImGui_ImplOpenGL3_DestroyDeviceObjects(void)" (?ImGui_ImplOpenGL3_DestroyDeviceObjects@@YAXXZ)
imgui_impl_opengl3.obj : error LNK2019: unresolved external symbol "__declspec(dllimport) void __cdecl gl::glDisable(enum gl::GLenum)" (__imp_?glDisable@gl@@YAXW4GLenum@1@@Z) referenced in function "void __cdecl ImGui_ImplOpenGL3_RenderDrawData(struct ImDrawData *)" (?ImGui_ImplOpenGL3_RenderDrawData@@YAXPEAUImDrawData@@@Z)
imgui_impl_opengl3.obj : error LNK2019: unresolved external symbol "__declspec(dllimport) void __cdecl gl::glDrawElements(enum gl::GLenum,int,enum gl::GLenum,void const *)" (__imp_?glDrawElements@gl@@YAXW4GLenum@1@H0PEBX@Z) referenced in function "void __cdecl ImGui_ImplOpenGL3_RenderDrawData(struct ImDrawData *)" (?ImGui_ImplOpenGL3_RenderDrawData@@YAXPEAUImDrawData@@@Z)
shapes.obj : error LNK2001: unresolved external symbol "__declspec(dllimport) void __cdecl gl::glDrawElements(enum gl::GLenum,int,enum gl::GLenum,void const *)" (__imp_?glDrawElements@gl@@YAXW4GLenum@1@H0PEBX@Z)
imgui_impl_opengl3.obj : error LNK2019: unresolved external symbol "__declspec(dllimport) void __cdecl gl::glEnable(enum gl::GLenum)" (__imp_?glEnable@gl@@YAXW4GLenum@1@@Z) referenced in function "void __cdecl ImGui_ImplOpenGL3_RenderDrawData(struct ImDrawData *)" (?ImGui_ImplOpenGL3_RenderDrawData@@YAXPEAUImDrawData@@@Z)
scene.obj : error LNK2001: unresolved external symbol "__declspec(dllimport) void __cdecl gl::glEnable(enum gl::GLenum)" (__imp_?glEnable@gl@@YAXW4GLenum@1@@Z)
imgui_impl_opengl3.obj : error LNK2019: unresolved external symbol "__declspec(dllimport) void __cdecl gl::glEnableVertexAttribArray(unsigned int)" (__imp_?glEnableVertexAttribArray@gl@@YAXI@Z) referenced in function "void __cdecl ImGui_ImplOpenGL3_SetupRenderState(struct ImDrawData *,int,int,unsigned int)" (?ImGui_ImplOpenGL3_SetupRenderState@@YAXPEAUImDrawData@@HHI@Z)
shapes.obj : error LNK2001: unresolved external symbol "__declspec(dllimport) void __cdecl gl::glEnableVertexAttribArray(unsigned int)" (__imp_?glEnableVertexAttribArray@gl@@YAXI@Z)
imgui_impl_opengl3.obj : error LNK2019: unresolved external symbol "__declspec(dllimport) void __cdecl gl::glGenBuffers(int,unsigned int *)" (__imp_?glGenBuffers@gl@@YAXHPEAI@Z) referenced in function "bool __cdecl ImGui_ImplOpenGL3_CreateDeviceObjects(void)" (?ImGui_ImplOpenGL3_CreateDeviceObjects@@YA_NXZ)
shapes.obj : error LNK2001: unresolved external symbol "__declspec(dllimport) void __cdecl gl::glGenBuffers(int,unsigned int *)" (__imp_?glGenBuffers@gl@@YAXHPEAI@Z)
imgui_impl_opengl3.obj : error LNK2019: unresolved external symbol "__declspec(dllimport) void __cdecl gl::glGenVertexArrays(int,unsigned int *)" (__imp_?glGenVertexArrays@gl@@YAXHPEAI@Z) referenced in function "void __cdecl ImGui_ImplOpenGL3_RenderDrawData(struct ImDrawData *)" (?ImGui_ImplOpenGL3_RenderDrawData@@YAXPEAUImDrawData@@@Z)
shapes.obj : error LNK2001: unresolved external symbol "__declspec(dllimport) void __cdecl gl::glGenVertexArrays(int,unsigned int *)" (__imp_?glGenVertexArrays@gl@@YAXHPEAI@Z)
imgui_impl_opengl3.obj : error LNK2019: unresolved external symbol "__declspec(dllimport) int __cdecl gl::glGetAttribLocation(unsigned int,char const *)" (__imp_?glGetAttribLocation@gl@@YAHIPEBD@Z) referenced in function "bool __cdecl ImGui_ImplOpenGL3_CreateDeviceObjects(void)" (?ImGui_ImplOpenGL3_CreateDeviceObjects@@YA_NXZ)
imgui_impl_opengl3.obj : error LNK2019: unresolved external symbol "__declspec(dllimport) void __cdecl gl::glGetIntegerv(enum gl::GLenum,int *)" (__imp_?glGetIntegerv@gl@@YAXW4GLenum@1@PEAH@Z) referenced in function "bool __cdecl ImGui_ImplOpenGL3_Init(char const *)" (?ImGui_ImplOpenGL3_Init@@YA_NPEBD@Z)
imgui_impl_opengl3.obj : error LNK2019: unresolved external symbol "__declspec(dllimport) void __cdecl gl::glGetProgramInfoLog(unsigned int,int,int *,char *)" (__imp_?glGetProgramInfoLog@gl@@YAXIHPEAHPEAD@Z) referenced in function "bool __cdecl CheckProgram(unsigned int,char const *)" (?CheckProgram@@YA_NIPEBD@Z)
shader.obj : error LNK2001: unresolved external symbol "__declspec(dllimport) void __cdecl gl::glGetProgramInfoLog(unsigned int,int,int *,char *)" (__imp_?glGetProgramInfoLog@gl@@YAXIHPEAHPEAD@Z)
imgui_impl_opengl3.obj : error LNK2019: unresolved external symbol "__declspec(dllimport) void __cdecl gl::glGetProgramiv(unsigned int,enum gl::GLenum,int *)" (__imp_?glGetProgramiv@gl@@YAXIW4GLenum@1@PEAH@Z) referenced in function "bool __cdecl CheckProgram(unsigned int,char const *)" (?CheckProgram@@YA_NIPEBD@Z)
shader.obj : error LNK2001: unresolved external symbol "__declspec(dllimport) void __cdecl gl::glGetProgramiv(unsigned int,enum gl::GLenum,int *)" (__imp_?glGetProgramiv@gl@@YAXIW4GLenum@1@PEAH@Z)
imgui_impl_opengl3.obj : error LNK2019: unresolved external symbol "__declspec(dllimport) void __cdecl gl::glGetShaderInfoLog(unsigned int,int,int *,char *)" (__imp_?glGetShaderInfoLog@gl@@YAXIHPEAHPEAD@Z) referenced in function "bool __cdecl CheckShader(unsigned int,char const *)" (?CheckShader@@YA_NIPEBD@Z)
shader.obj : error LNK2001: unresolved external symbol "__declspec(dllimport) void __cdecl gl::glGetShaderInfoLog(unsigned int,int,int *,char *)" (__imp_?glGetShaderInfoLog@gl@@YAXIHPEAHPEAD@Z)
imgui_impl_opengl3.obj : error LNK2019: unresolved external symbol "__declspec(dllimport) void __cdecl gl::glGetShaderiv(unsigned int,enum gl::GLenum,int *)" (__imp_?glGetShaderiv@gl@@YAXIW4GLenum@1@PEAH@Z) referenced in function "bool __cdecl CheckShader(unsigned int,char const *)" (?CheckShader@@YA_NIPEBD@Z)
shader.obj : error LNK2001: unresolved external symbol "__declspec(dllimport) void __cdecl gl::glGetShaderiv(unsigned int,enum gl::GLenum,int *)" (__imp_?glGetShaderiv@gl@@YAXIW4GLenum@1@PEAH@Z)
imgui_impl_opengl3.obj : error LNK2019: unresolved external symbol "__declspec(dllimport) enum gl::GLboolean __cdecl gl::glIsEnabled(enum gl::GLenum)" (__imp_?glIsEnabled@gl@@YA?AW4GLboolean@1@W4GLenum@1@@Z) referenced in function "void __cdecl ImGui_ImplOpenGL3_RenderDrawData(struct ImDrawData *)" (?ImGui_ImplOpenGL3_RenderDrawData@@YAXPEAUImDrawData@@@Z)
imgui_impl_opengl3.obj : error LNK2019: unresolved external symbol "__declspec(dllimport) void __cdecl gl::glLinkProgram(unsigned int)" (__imp_?glLinkProgram@gl@@YAXI@Z) referenced in function "bool __cdecl ImGui_ImplOpenGL3_CreateDeviceObjects(void)" (?ImGui_ImplOpenGL3_CreateDeviceObjects@@YA_NXZ)
shader.obj : error LNK2001: unresolved external symbol "__declspec(dllimport) void __cdecl gl::glLinkProgram(unsigned int)" (__imp_?glLinkProgram@gl@@YAXI@Z)
imgui_impl_opengl3.obj : error LNK2019: unresolved external symbol "__declspec(dllimport) void __cdecl gl::glScissor(int,int,int,int)" (__imp_?glScissor@gl@@YAXHHHH@Z) referenced in function "void __cdecl ImGui_ImplOpenGL3_RenderDrawData(struct ImDrawData *)" (?ImGui_ImplOpenGL3_RenderDrawData@@YAXPEAUImDrawData@@@Z)
imgui_impl_opengl3.obj : error LNK2019: unresolved external symbol "__declspec(dllimport) void __cdecl gl::glShaderSource(unsigned int,int,char const * const *,int const *)" (__imp_?glShaderSource@gl@@YAXIHPEBQEBDPEBH@Z) referenced in function "bool __cdecl ImGui_ImplOpenGL3_CreateDeviceObjects(void)" (?ImGui_ImplOpenGL3_CreateDeviceObjects@@YA_NXZ)
shader.obj : error LNK2001: unresolved external symbol "__declspec(dllimport) void __cdecl gl::glShaderSource(unsigned int,int,char const * const *,int const *)" (__imp_?glShaderSource@gl@@YAXIHPEBQEBDPEBH@Z)
imgui_impl_opengl3.obj : error LNK2019: unresolved external symbol "__declspec(dllimport) void __cdecl gl::glUniform1i(int,int)" (__imp_?glUniform1i@gl@@YAXHH@Z) referenced in function "void __cdecl ImGui_ImplOpenGL3_SetupRenderState(struct ImDrawData *,int,int,unsigned int)" (?ImGui_ImplOpenGL3_SetupRenderState@@YAXPEAUImDrawData@@HHI@Z)
scene.obj : error LNK2001: unresolved external symbol "__declspec(dllimport) void __cdecl gl::glUniform1i(int,int)" (__imp_?glUniform1i@gl@@YAXHH@Z)
texture.obj : error LNK2001: unresolved external symbol "__declspec(dllimport) void __cdecl gl::glUniform1i(int,int)" (__imp_?glUniform1i@gl@@YAXHH@Z)
object.obj : error LNK2001: unresolved external symbol "__declspec(dllimport) void __cdecl gl::glUniform1i(int,int)" (__imp_?glUniform1i@gl@@YAXHH@Z)
imgui_impl_opengl3.obj : error LNK2019: unresolved external symbol "__declspec(dllimport) void __cdecl gl::glUseProgram(unsigned int)" (__imp_?glUseProgram@gl@@YAXI@Z) referenced in function "void __cdecl ImGui_ImplOpenGL3_RenderDrawData(struct ImDrawData *)" (?ImGui_ImplOpenGL3_RenderDrawData@@YAXPEAUImDrawData@@@Z)
shader.obj : error LNK2001: unresolved external symbol "__declspec(dllimport) void __cdecl gl::glUseProgram(unsigned int)" (__imp_?glUseProgram@gl@@YAXI@Z)
imgui_impl_opengl3.obj : error LNK2019: unresolved external symbol "__declspec(dllimport) void __cdecl gl::glVertexAttribPointer(unsigned int,int,enum gl::GLenum,enum gl::GLboolean,int,void const *)" (__imp_?glVertexAttribPointer@gl@@YAXIHW4GLenum@1@W4GLboolean@1@HPEBX@Z) referenced in function "void __cdecl ImGui_ImplOpenGL3_SetupRenderState(struct ImDrawData *,int,int,unsigned int)" (?ImGui_ImplOpenGL3_SetupRenderState@@YAXPEAUImDrawData@@HHI@Z)
shapes.obj : error LNK2001: unresolved external symbol "__declspec(dllimport) void __cdecl gl::glVertexAttribPointer(unsigned int,int,enum gl::GLenum,enum gl::GLboolean,int,void const *)" (__imp_?glVertexAttribPointer@gl@@YAXIHW4GLenum@1@W4GLboolean@1@HPEBX@Z)
imgui_impl_opengl3.obj : error LNK2019: unresolved external symbol "__declspec(dllimport) void __cdecl gl::glViewport(int,int,int,int)" (__imp_?glViewport@gl@@YAXHHHH@Z) referenced in function "void __cdecl ImGui_ImplOpenGL3_RenderDrawData(struct ImDrawData *)" (?ImGui_ImplOpenGL3_RenderDrawData@@YAXPEAUImDrawData@@@Z)
scene.obj : error LNK2001: unresolved external symbol "__declspec(dllimport) void __cdecl gl::glViewport(int,int,int,int)" (__imp_?glViewport@gl@@YAXHHHH@Z)
scene.obj : error LNK2019: unresolved external symbol "__declspec(dllimport) void __cdecl gl::glBindAttribLocation(unsigned int,unsigned int,char const *)" (__imp_?glBindAttribLocation@gl@@YAXIIPEBD@Z) referenced in function "public: void __cdecl Scene::InitializeScene(void)" (?InitializeScene@Scene@@QEAAXXZ)
scene.obj : error LNK2019: unresolved external symbol "__declspec(dllimport) void __cdecl gl::glClear(enum gl::ClearBufferMask)" (__imp_?glClear@gl@@YAXW4ClearBufferMask@1@@Z) referenced in function "public: void __cdecl Scene::DrawScene(void)" (?DrawScene@Scene@@QEAAXXZ)
scene.obj : error LNK2019: unresolved external symbol "__declspec(dllimport) void __cdecl gl::glClearColor(float,float,float,float)" (__imp_?glClearColor@gl@@YAXMMMM@Z) referenced in function "public: void __cdecl Scene::DrawScene(void)" (?DrawScene@Scene@@QEAAXXZ)
scene.obj : error LNK2019: unresolved external symbol "__declspec(dllimport) enum gl::GLenum __cdecl gl::glGetError(void)" (__imp_?glGetError@gl@@YA?AW4GLenum@1@XZ) referenced in function "public: void __cdecl Scene::InitializeScene(void)" (?InitializeScene@Scene@@QEAAXXZ)
object.obj : error LNK2001: unresolved external symbol "__declspec(dllimport) enum gl::GLenum __cdecl gl::glGetError(void)" (__imp_?glGetError@gl@@YA?AW4GLenum@1@XZ)
shapes.obj : error LNK2001: unresolved external symbol "__declspec(dllimport) enum gl::GLenum __cdecl gl::glGetError(void)" (__imp_?glGetError@gl@@YA?AW4GLenum@1@XZ)
scene.obj : error LNK2019: unresolved external symbol "__declspec(dllimport) void __cdecl gl::glUniform3fv(int,int,float const *)" (__imp_?glUniform3fv@gl@@YAXHHPEBM@Z) referenced in function "public: void __cdecl Scene::DrawScene(void)" (?DrawScene@Scene@@QEAAXXZ)
object.obj : error LNK2001: unresolved external symbol "__declspec(dllimport) void __cdecl gl::glUniform3fv(int,int,float const *)" (__imp_?glUniform3fv@gl@@YAXHHPEBM@Z)
texture.obj : error LNK2019: unresolved external symbol "__declspec(dllimport) void __cdecl gl::glGenerateMipmap(enum gl::GLenum)" (__imp_?glGenerateMipmap@gl@@YAXW4GLenum@1@@Z) referenced in function "public: __cdecl Texture::Texture(class std::basic_string<char,struct std::char_traits<char>,class std::allocator<char> > const &)" (??0Texture@@QEAA@AEBV?$basic_string@DU?$char_traits@D@std@@V?$allocator@D@2@@std@@@Z)
interact.obj : error LNK2019: unresolved external symbol glfwSetWindowShouldClose referenced in function "void __cdecl Quit(void *)" (?Quit@@YAXPEAX@Z)
interact.obj : error LNK2019: unresolved external symbol glfwSetCursorPosCallback referenced in function "void __cdecl InitInteraction(void)" (?InitInteraction@@YAXXZ)
object.obj : error LNK2019: unresolved external symbol "__declspec(dllimport) void __cdecl gl::glUniform1f(int,float)" (__imp_?glUniform1f@gl@@YAXHM@Z) referenced in function "public: void __cdecl Object::Draw(class ShaderProgram *,struct glm::detail::tmat4x4<float,0> &)" (?Draw@Object@@QEAAXPEAVShaderProgram@@AEAU?$tmat4x4@M$0A@@detail@glm@@@Z)
libs\glfw-3.3.2.bin.WIN32\lib-vc2019\glfw3.lib : warning LNK4272: library machine type 'x86' conflicts with target machine type 'x64'
libs\glbinding.lib : warning LNK4272: library machine type 'x86' conflicts with target machine type 'x64'
libs\glfw\lib-vc2019\glfw3.lib : warning LNK4272: library machine type 'x86' conflicts with target machine type 'x64'
D:\GitHub\GAM541\GAM541\x64\Debug\framework.exe : fatal error LNK1120: 95 unresolved externals
